<?xml version="1.0" encoding="UTF-8"?>
<!-- Generated by org.testng.reporters.JUnitXMLReporter -->
<testsuite hostname="LAPTOP-2FLT7BN7" ignored="1" name="Default test" tests="2" failures="0" timestamp="2022-02-09T17:21:17 PST" time="53.293" errors="0">
  <testcase name="createAnExpandableItem" time="24.962" classname="com.autocrib.testCases.InventoryItemPageTest"/>
  <testcase name="editItem" time="24.096" classname="com.autocrib.testCases.InventoryItemPageTest"/>
  <testcase name="deleteAnItem" time="0.0" classname="com.autocrib.testCases.InventoryItemPageTest">
    <ignored/>
  </testcase> <!-- deleteAnItem -->
</testsuite> <!-- Default test -->
