<?xml version="1.0" encoding="UTF-8"?>
<!-- Generated by org.testng.reporters.JUnitXMLReporter -->
<testsuite hostname="LAPTOP-2FLT7BN7" ignored="1" name="Test" tests="4" failures="0" timestamp="2022-02-20T11:51:43 PST" time="74.375" errors="0">
  <testcase name="testLoginPage" time="12.634" classname="com.autocrib.testCases.LoginPageTest"/>
  <testcase name="createAnExpandableItem" time="23.134" classname="com.autocrib.testCases.InventoryItemPageTest"/>
  <testcase name="deleteAnItem" time="19.071" classname="com.autocrib.testCases.InventoryItemPageTest"/>
  <testcase name="editItem" time="13.405" classname="com.autocrib.testCases.InventoryItemPageTest"/>
  <testcase name="@BeforeTest display" time="0.0" classname="com.autocrib.initiateTest.initClass">
    <ignored/>
  </testcase> <!-- @BeforeTest display -->
</testsuite> <!-- Test -->
